<?xml version="1.0" encoding="UTF-8"?>
<coverage generated="1664786440449" clover="3.2.0">
  <project timestamp="1664786440449" name="All files">
    <metrics statements="59" coveredstatements="45" conditionals="18" coveredconditionals="14" methods="13" coveredmethods="10" elements="90" coveredelements="69" complexity="0" loc="59" ncloc="59" packages="2" files="2" classes="2"/>
    <package name="palindrome-stuff">
      <metrics statements="47" coveredstatements="36" conditionals="18" coveredconditionals="14" methods="11" coveredmethods="9"/>
      <file name="index.js" path="/home/nuandawm/Documents/ProgettiVari/bgc-interview/palindrome-stuff/index.js">
        <metrics statements="47" coveredstatements="36" conditionals="18" coveredconditionals="14" methods="11" coveredmethods="9"/>
        <line num="3" count="219091" type="stmt"/>
        <line num="4" count="219091" type="stmt"/>
        <line num="6" count="4553491" type="stmt"/>
        <line num="12" count="9" type="stmt"/>
        <line num="13" count="9" type="stmt"/>
        <line num="15" count="45" type="stmt"/>
        <line num="24" count="8" type="stmt"/>
        <line num="25" count="8" type="stmt"/>
        <line num="27" count="19066" type="stmt"/>
        <line num="28" count="19064" type="stmt"/>
        <line num="29" count="19064" type="cond" truecount="2" falsecount="0"/>
        <line num="30" count="19059" type="stmt"/>
        <line num="31" count="19059" type="cond" truecount="4" falsecount="0"/>
        <line num="32" count="19058" type="stmt"/>
        <line num="34" count="1" type="stmt"/>
        <line num="37" count="5" type="stmt"/>
        <line num="40" count="8" type="stmt"/>
        <line num="41" count="8" type="stmt"/>
        <line num="42" count="8" type="stmt"/>
        <line num="47" count="8" type="stmt"/>
        <line num="61" count="8" type="stmt"/>
        <line num="62" count="8" type="stmt"/>
        <line num="63" count="8" type="stmt"/>
        <line num="64" count="8" type="stmt"/>
        <line num="65" count="8" type="stmt"/>
        <line num="66" count="8" type="stmt"/>
        <line num="67" count="200038" type="stmt"/>
        <line num="68" count="200038" type="stmt"/>
        <line num="69" count="200038" type="cond" truecount="2" falsecount="0"/>
        <line num="70" count="200033" type="stmt"/>
        <line num="71" count="200033" type="cond" truecount="6" falsecount="0"/>
        <line num="73" count="200030" type="stmt"/>
        <line num="75" count="3" type="stmt"/>
        <line num="76" count="3" type="stmt"/>
        <line num="81" count="8" type="stmt"/>
        <line num="90" count="0" type="stmt"/>
        <line num="91" count="0" type="stmt"/>
        <line num="92" count="0" type="stmt"/>
        <line num="93" count="0" type="stmt"/>
        <line num="94" count="0" type="stmt"/>
        <line num="95" count="0" type="cond" truecount="0" falsecount="2"/>
        <line num="96" count="0" type="stmt"/>
        <line num="99" count="0" type="cond" truecount="0" falsecount="2"/>
        <line num="100" count="0" type="stmt"/>
        <line num="102" count="0" type="stmt"/>
        <line num="106" count="0" type="stmt"/>
        <line num="113" count="1" type="stmt"/>
      </file>
    </package>
    <package name="performance-tools">
      <metrics statements="12" coveredstatements="9" conditionals="0" coveredconditionals="0" methods="2" coveredmethods="1"/>
      <file name="index.js" path="/home/nuandawm/Documents/ProgettiVari/bgc-interview/performance-tools/index.js">
        <metrics statements="12" coveredstatements="9" conditionals="0" coveredconditionals="0" methods="2" coveredmethods="1"/>
        <line num="1" count="1" type="stmt"/>
        <line num="2" count="1" type="stmt"/>
        <line num="3" count="1" type="stmt"/>
        <line num="6" count="3" type="stmt"/>
        <line num="7" count="3" type="stmt"/>
        <line num="8" count="3" type="stmt"/>
        <line num="9" count="3" type="stmt"/>
        <line num="10" count="3" type="stmt"/>
        <line num="18" count="0" type="stmt"/>
        <line num="19" count="0" type="stmt"/>
        <line num="22" count="0" type="stmt"/>
        <line num="26" count="1" type="stmt"/>
      </file>
    </package>
  </project>
</coverage>
