{"/home/nuandawm/Documents/ProgettiVari/bgc-interview/palindrome-stuff/index.js": {"path":"/home/nuandawm/Documents/ProgettiVari/bgc-interview/palindrome-stuff/index.js","statementMap":{"0":{"start":{"line":3,"column":22},"end":{"line":3,"column":37}},"1":{"start":{"line":4,"column":2},"end":{"line":8,"column":3}},"2":{"start":{"line":6,"column":25},"end":{"line":6,"column":68}},"3":{"start":{"line":12,"column":22},"end":{"line":12,"column":37}},"4":{"start":{"line":13,"column":2},"end":{"line":16,"column":3}},"5":{"start":{"line":15,"column":30},"end":{"line":15,"column":41}},"6":{"start":{"line":24,"column":2},"end":{"line":52,"column":3}},"7":{"start":{"line":25,"column":23},"end":{"line":25,"column":24}},"8":{"start":{"line":27,"column":23},"end":{"line":27,"column":43}},"9":{"start":{"line":28,"column":27},"end":{"line":28,"column":47}},"10":{"start":{"line":29,"column":6},"end":{"line":36,"column":7}},"11":{"start":{"line":30,"column":8},"end":{"line":30,"column":25}},"12":{"start":{"line":31,"column":8},"end":{"line":35,"column":9}},"13":{"start":{"line":32,"column":10},"end":{"line":32,"column":74}},"14":{"start":{"line":34,"column":10},"end":{"line":34,"column":21}},"15":{"start":{"line":37,"column":6},"end":{"line":37,"column":20}},"16":{"start":{"line":40,"column":26},"end":{"line":40,"column":30}},"17":{"start":{"line":41,"column":4},"end":{"line":45,"column":5}},"18":{"start":{"line":42,"column":6},"end":{"line":42,"column":70}},"19":{"start":{"line":47,"column":4},"end":{"line":51,"column":5}},"20":{"start":{"line":61,"column":26},"end":{"line":61,"column":33}},"21":{"start":{"line":62,"column":2},"end":{"line":86,"column":3}},"22":{"start":{"line":63,"column":23},"end":{"line":63,"column":24}},"23":{"start":{"line":64,"column":23},"end":{"line":64,"column":28}},"24":{"start":{"line":65,"column":17},"end":{"line":65,"column":24}},"25":{"start":{"line":66,"column":4},"end":{"line":79,"column":5}},"26":{"start":{"line":67,"column":23},"end":{"line":67,"column":42}},"27":{"start":{"line":68,"column":6},"end":{"line":68,"column":40}},"28":{"start":{"line":69,"column":6},"end":{"line":78,"column":7}},"29":{"start":{"line":70,"column":8},"end":{"line":70,"column":25}},"30":{"start":{"line":71,"column":8},"end":{"line":77,"column":9}},"31":{"start":{"line":73,"column":10},"end":{"line":73,"column":36}},"32":{"start":{"line":75,"column":10},"end":{"line":75,"column":23}},"33":{"start":{"line":76,"column":10},"end":{"line":76,"column":29}},"34":{"start":{"line":81,"column":4},"end":{"line":85,"column":5}},"35":{"start":{"line":90,"column":2},"end":{"line":110,"column":3}},"36":{"start":{"line":91,"column":30},"end":{"line":91,"column":32}},"37":{"start":{"line":92,"column":35},"end":{"line":92,"column":37}},"38":{"start":{"line":93,"column":4},"end":{"line":105,"column":5}},"39":{"start":{"line":93,"column":17},"end":{"line":93,"column":20}},"40":{"start":{"line":94,"column":21},"end":{"line":94,"column":45}},"41":{"start":{"line":95,"column":6},"end":{"line":104,"column":7}},"42":{"start":{"line":96,"column":8},"end":{"line":96,"column":33}},"43":{"start":{"line":99,"column":8},"end":{"line":103,"column":9}},"44":{"start":{"line":100,"column":10},"end":{"line":100,"column":55}},"45":{"start":{"line":102,"column":10},"end":{"line":102,"column":56}},"46":{"start":{"line":106,"column":4},"end":{"line":109,"column":5}},"47":{"start":{"line":113,"column":0},"end":{"line":119,"column":1}}},"fnMap":{"0":{"name":"reverseDigitsAlgorithm","decl":{"start":{"line":2,"column":9},"end":{"line":2,"column":31}},"loc":{"start":{"line":2,"column":41},"end":{"line":9,"column":1}},"line":2},"1":{"name":"(anonymous_1)","decl":{"start":{"line":6,"column":11},"end":{"line":6,"column":12}},"loc":{"start":{"line":6,"column":25},"end":{"line":6,"column":68}},"line":6},"2":{"name":"reverseDigitsAlgorithmAlt","decl":{"start":{"line":11,"column":9},"end":{"line":11,"column":34}},"loc":{"start":{"line":11,"column":44},"end":{"line":17,"column":1}},"line":11},"3":{"name":"(anonymous_3)","decl":{"start":{"line":15,"column":14},"end":{"line":15,"column":15}},"loc":{"start":{"line":15,"column":30},"end":{"line":15,"column":41}},"line":15},"4":{"name":"oneNineSixAlgorithm","decl":{"start":{"line":23,"column":9},"end":{"line":23,"column":28}},"loc":{"start":{"line":23,"column":42},"end":{"line":53,"column":1}},"line":23},"5":{"name":"(anonymous_5)","decl":{"start":{"line":24,"column":9},"end":{"line":24,"column":10}},"loc":{"start":{"line":24,"column":44},"end":{"line":52,"column":3}},"line":24},"6":{"name":"recursiveReverseAndAddUntilPalindrome","decl":{"start":{"line":26,"column":13},"end":{"line":26,"column":50}},"loc":{"start":{"line":26,"column":60},"end":{"line":38,"column":5}},"line":26},"7":{"name":"oneNineSixAlgorithmNonRecursive","decl":{"start":{"line":60,"column":9},"end":{"line":60,"column":40}},"loc":{"start":{"line":60,"column":54},"end":{"line":87,"column":1}},"line":60},"8":{"name":"(anonymous_8)","decl":{"start":{"line":62,"column":9},"end":{"line":62,"column":10}},"loc":{"start":{"line":62,"column":44},"end":{"line":86,"column":3}},"line":62},"9":{"name":"computeOneNineSixAlgoCycleFrequencies","decl":{"start":{"line":89,"column":9},"end":{"line":89,"column":46}},"loc":{"start":{"line":89,"column":53},"end":{"line":111,"column":1}},"line":89},"10":{"name":"(anonymous_10)","decl":{"start":{"line":90,"column":9},"end":{"line":90,"column":10}},"loc":{"start":{"line":90,"column":45},"end":{"line":110,"column":3}},"line":90}},"branchMap":{"0":{"loc":{"start":{"line":29,"column":6},"end":{"line":36,"column":7}},"type":"if","locations":[{"start":{"line":29,"column":6},"end":{"line":36,"column":7}},{"start":{},"end":{}}],"line":29},"1":{"loc":{"start":{"line":31,"column":8},"end":{"line":35,"column":9}},"type":"if","locations":[{"start":{"line":31,"column":8},"end":{"line":35,"column":9}},{"start":{"line":33,"column":15},"end":{"line":35,"column":9}}],"line":31},"2":{"loc":{"start":{"line":31,"column":12},"end":{"line":31,"column":75}},"type":"binary-expr","locations":[{"start":{"line":31,"column":12},"end":{"line":31,"column":41}},{"start":{"line":31,"column":45},"end":{"line":31,"column":75}}],"line":31},"3":{"loc":{"start":{"line":69,"column":6},"end":{"line":78,"column":7}},"type":"if","locations":[{"start":{"line":69,"column":6},"end":{"line":78,"column":7}},{"start":{},"end":{}}],"line":69},"4":{"loc":{"start":{"line":71,"column":8},"end":{"line":77,"column":9}},"type":"if","locations":[{"start":{"line":71,"column":8},"end":{"line":77,"column":9}},{"start":{"line":74,"column":15},"end":{"line":77,"column":9}}],"line":71},"5":{"loc":{"start":{"line":71,"column":12},"end":{"line":72,"column":78}},"type":"binary-expr","locations":[{"start":{"line":71,"column":13},"end":{"line":71,"column":42}},{"start":{"line":71,"column":46},"end":{"line":71,"column":76}},{"start":{"line":72,"column":14},"end":{"line":72,"column":43}},{"start":{"line":72,"column":47},"end":{"line":72,"column":77}}],"line":71},"6":{"loc":{"start":{"line":95,"column":6},"end":{"line":104,"column":7}},"type":"if","locations":[{"start":{"line":95,"column":6},"end":{"line":104,"column":7}},{"start":{"line":98,"column":13},"end":{"line":104,"column":7}}],"line":95},"7":{"loc":{"start":{"line":99,"column":8},"end":{"line":103,"column":9}},"type":"if","locations":[{"start":{"line":99,"column":8},"end":{"line":103,"column":9}},{"start":{"line":101,"column":15},"end":{"line":103,"column":9}}],"line":99}},"s":{"0":219091,"1":219091,"2":4553491,"3":9,"4":9,"5":45,"6":8,"7":8,"8":19066,"9":19064,"10":19064,"11":19059,"12":19059,"13":19058,"14":1,"15":5,"16":8,"17":8,"18":8,"19":8,"20":8,"21":8,"22":8,"23":8,"24":8,"25":8,"26":200038,"27":200038,"28":200038,"29":200033,"30":200033,"31":200030,"32":3,"33":3,"34":8,"35":0,"36":0,"37":0,"38":0,"39":0,"40":0,"41":0,"42":0,"43":0,"44":0,"45":0,"46":0,"47":1},"f":{"0":219091,"1":4553491,"2":9,"3":45,"4":8,"5":8,"6":19066,"7":8,"8":8,"9":0,"10":0},"b":{"0":[19059,5],"1":[19058,1],"2":[19059,3],"3":[200033,5],"4":[200030,3],"5":[200033,30,200003,200003],"6":[0,0],"7":[0,0]},"_coverageSchema":"1a1c01bbd47fc00a2c39e90264f33305004495a9","hash":"8bf1215abe259c0bccb9948f74f42ba2c3a3970d"}
,"/home/nuandawm/Documents/ProgettiVari/bgc-interview/performance-tools/index.js": {"path":"/home/nuandawm/Documents/ProgettiVari/bgc-interview/performance-tools/index.js","statementMap":{"0":{"start":{"line":1,"column":15},"end":{"line":1,"column":32}},"1":{"start":{"line":2,"column":34},"end":{"line":2,"column":67}},"2":{"start":{"line":3,"column":0},"end":{"line":3,"column":33}},"3":{"start":{"line":6,"column":18},"end":{"line":6,"column":38}},"4":{"start":{"line":7,"column":2},"end":{"line":7,"column":12}},"5":{"start":{"line":8,"column":16},"end":{"line":8,"column":36}},"6":{"start":{"line":9,"column":23},"end":{"line":9,"column":38}},"7":{"start":{"line":10,"column":2},"end":{"line":13,"column":3}},"8":{"start":{"line":18,"column":2},"end":{"line":23,"column":3}},"9":{"start":{"line":19,"column":4},"end":{"line":19,"column":41}},"10":{"start":{"line":22,"column":4},"end":{"line":22,"column":13}},"11":{"start":{"line":26,"column":0},"end":{"line":28,"column":1}}},"fnMap":{"0":{"name":"computeSimpleBenchmark","decl":{"start":{"line":5,"column":9},"end":{"line":5,"column":31}},"loc":{"start":{"line":5,"column":42},"end":{"line":14,"column":1}},"line":5},"1":{"name":"computeMaxCallStackSize","decl":{"start":{"line":17,"column":9},"end":{"line":17,"column":32}},"loc":{"start":{"line":17,"column":35},"end":{"line":24,"column":1}},"line":17}},"branchMap":{},"s":{"0":1,"1":1,"2":1,"3":3,"4":3,"5":3,"6":3,"7":3,"8":0,"9":0,"10":0,"11":1},"f":{"0":3,"1":0},"b":{},"_coverageSchema":"1a1c01bbd47fc00a2c39e90264f33305004495a9","hash":"c9b100a5b7d91d5c88996bca656dcd90c5b3ab12"}
}
