TN:
SF:palindrome-stuff/index.js
FN:2,reverseDigitsAlgorithm
FN:6,(anonymous_1)
FN:11,reverseDigitsAlgorithmAlt
FN:15,(anonymous_3)
FN:23,oneNineSixAlgorithm
FN:24,(anonymous_5)
FN:26,recursiveReverseAndAddUntilPalindrome
FN:60,oneNineSixAlgorithmNonRecursive
FN:62,(anonymous_8)
FN:89,computeOneNineSixAlgoCycleFrequencies
FN:90,(anonymous_10)
FNF:11
FNH:9
FNDA:219091,reverseDigitsAlgorithm
FNDA:4553491,(anonymous_1)
FNDA:9,reverseDigitsAlgorithmAlt
FNDA:45,(anonymous_3)
FNDA:8,oneNineSixAlgorithm
FNDA:8,(anonymous_5)
FNDA:19066,recursiveReverseAndAddUntilPalindrome
FNDA:8,oneNineSixAlgorithmNonRecursive
FNDA:8,(anonymous_8)
FNDA:0,computeOneNineSixAlgoCycleFrequencies
FNDA:0,(anonymous_10)
DA:3,219091
DA:4,219091
DA:6,4553491
DA:12,9
DA:13,9
DA:15,45
DA:24,8
DA:25,8
DA:27,19066
DA:28,19064
DA:29,19064
DA:30,19059
DA:31,19059
DA:32,19058
DA:34,1
DA:37,5
DA:40,8
DA:41,8
DA:42,8
DA:47,8
DA:61,8
DA:62,8
DA:63,8
DA:64,8
DA:65,8
DA:66,8
DA:67,200038
DA:68,200038
DA:69,200038
DA:70,200033
DA:71,200033
DA:73,200030
DA:75,3
DA:76,3
DA:81,8
DA:90,0
DA:91,0
DA:92,0
DA:93,0
DA:94,0
DA:95,0
DA:96,0
DA:99,0
DA:100,0
DA:102,0
DA:106,0
DA:113,1
LF:47
LH:36
BRDA:29,0,0,19059
BRDA:29,0,1,5
BRDA:31,1,0,19058
BRDA:31,1,1,1
BRDA:31,2,0,19059
BRDA:31,2,1,3
BRDA:69,3,0,200033
BRDA:69,3,1,5
BRDA:71,4,0,200030
BRDA:71,4,1,3
BRDA:71,5,0,200033
BRDA:71,5,1,30
BRDA:71,5,2,200003
BRDA:71,5,3,200003
BRDA:95,6,0,0
BRDA:95,6,1,0
BRDA:99,7,0,0
BRDA:99,7,1,0
BRF:18
BRH:14
end_of_record
TN:
SF:performance-tools/index.js
FN:5,computeSimpleBenchmark
FN:17,computeMaxCallStackSize
FNF:2
FNH:1
FNDA:3,computeSimpleBenchmark
FNDA:0,computeMaxCallStackSize
DA:1,1
DA:2,1
DA:3,1
DA:6,3
DA:7,3
DA:8,3
DA:9,3
DA:10,3
DA:18,0
DA:19,0
DA:22,0
DA:26,1
LF:12
LH:9
BRF:0
BRH:0
end_of_record
